<?xml version="1.0" encoding="UTF-8"?>
<!-- Generated by org.testng.reporters.JUnitReportReporter -->
<testsuite hostname="Bharath" failures="0" tests="3" name="com.application.tests.ApplicationTest" time="88.572" errors="0" timestamp="2022-11-03T10:06:14 IST" skipped="0">
  <testcase classname="com.application.tests.ApplicationTest" name="verifyApplicationCaption" time="5.948"/>
  <system-out/>
  <testcase classname="com.application.tests.ApplicationTest" name="verifyApplicationLogin" time="47.467"/>
  <system-out/>
  <testcase classname="com.application.tests.ApplicationTest" name="verifyApplicationLogin" time="35.157"/>
  <system-out/>
</testsuite> <!-- com.application.tests.ApplicationTest -->
